  Validation.cpp
c:\users\dasith\development\assignment\validation.cpp(9): warning C4996: 'strcpy': This function or variable may be unsafe. Consider using strcpy_s instead. To disable deprecation, use _CRT_SECURE_NO_WARNINGS. See online help for details.
  c:\program files (x86)\windows kits\10\include\10.0.10150.0\ucrt\string.h(119): note: see declaration of 'strcpy'
c:\users\dasith\development\assignment\validation.cpp(20): warning C4996: 'strcpy': This function or variable may be unsafe. Consider using strcpy_s instead. To disable deprecation, use _CRT_SECURE_NO_WARNINGS. See online help for details.
  c:\program files (x86)\windows kits\10\include\10.0.10150.0\ucrt\string.h(119): note: see declaration of 'strcpy'
c:\users\dasith\development\assignment\validation.cpp(30): warning C4996: 'strcpy': This function or variable may be unsafe. Consider using strcpy_s instead. To disable deprecation, use _CRT_SECURE_NO_WARNINGS. See online help for details.
  c:\program files (x86)\windows kits\10\include\10.0.10150.0\ucrt\string.h(119): note: see declaration of 'strcpy'
c:\users\dasith\development\assignment\validation.cpp(50): warning C4996: 'localtime': This function or variable may be unsafe. Consider using localtime_s instead. To disable deprecation, use _CRT_SECURE_NO_WARNINGS. See online help for details.
  c:\program files (x86)\windows kits\10\include\10.0.10150.0\ucrt\time.h(505): note: see declaration of 'localtime'
c:\users\dasith\development\assignment\validation.cpp(81): warning C4996: 'localtime': This function or variable may be unsafe. Consider using localtime_s instead. To disable deprecation, use _CRT_SECURE_NO_WARNINGS. See online help for details.
  c:\program files (x86)\windows kits\10\include\10.0.10150.0\ucrt\time.h(505): note: see declaration of 'localtime'
c:\users\dasith\development\assignment\validation.cpp(131): warning C4996: 'localtime': This function or variable may be unsafe. Consider using localtime_s instead. To disable deprecation, use _CRT_SECURE_NO_WARNINGS. See online help for details.
  c:\program files (x86)\windows kits\10\include\10.0.10150.0\ucrt\time.h(505): note: see declaration of 'localtime'
c:\users\dasith\development\assignment\validation.cpp(137): warning C4996: 'localtime': This function or variable may be unsafe. Consider using localtime_s instead. To disable deprecation, use _CRT_SECURE_NO_WARNINGS. See online help for details.
  c:\program files (x86)\windows kits\10\include\10.0.10150.0\ucrt\time.h(505): note: see declaration of 'localtime'
  Navigator.cpp
c:\users\dasith\development\assignment\inputs.h(7): warning C4067: unexpected tokens following preprocessor directive - expected a newline
  JSONlightparser.cpp
c:\users\dasith\development\assignment\jsonlightparser.cpp(1): warning C4067: unexpected tokens following preprocessor directive - expected a newline
c:\users\dasith\development\assignment\jsonlightparser.cpp(11): warning C4554: '&': check operator precedence for possible error; use parentheses to clarify precedence
  Inputs.cpp
c:\users\dasith\development\assignment\inputs.h(7): warning C4067: unexpected tokens following preprocessor directive - expected a newline
  Generating Code...
c:\users\dasith\development\assignment\navigator.cpp(221): warning C4717: 'userConfigMenu': recursive on all control paths, function will cause runtime stack overflow
c:\users\dasith\development\assignment\navigator.cpp(113): warning C4717: 'MainMenu': recursive on all control paths, function will cause runtime stack overflow
  Compiling...
  Models.cpp
  App.cpp
c:\users\dasith\development\assignment\inputs.h(7): warning C4067: unexpected tokens following preprocessor directive - expected a newline
  Generating Code...
  Assignment.vcxproj -> C:\Users\Dasith\Development\Assignment\Debug\Assignment.exe
